+-------------------------------------------------------------------------------
| NCam ver: _bonecrew_r1.2.4_2025_05_11884_ rev: gitf8e395b target: armv7a-vuplus4k-linux-gnueabihf-ssl-libcurl-libusb-pcsc-libdvbcsa
| Tools:
|  CROSS    = /opt/s3_ncam_bonecrew_test/support/toolchains/vuplus4k_armv7a/bin/armv7a-vuplus4k-linux-gnueabihf-
|  CC       = /opt/s3_ncam_bonecrew_test/support/toolchains/vuplus4k_armv7a/bin/armv7a-vuplus4k-linux-gnueabihf-gcc
|  STRIP    = /opt/s3_ncam_bonecrew_test/support/toolchains/vuplus4k_armv7a/bin/armv7a-vuplus4k-linux-gnueabihf-strip
|  SSL      = /usr/bin/openssl
| Settings:
|  CONF_DIR = /etc/tuxbox/config/ncambone
|  CC_OPTS  = -O2 -ggdb -pipe -ffunction-sections -fdata-sections -fomit-frame-pointer -fno-schedule-insns
|  CC_WARN  = -W -Wall -Wshadow -Wredundant-decls -Wstrict-prototypes -Wold-style-definition
|  CFLAGS   = -DSTATIC_LIBDVBCSA=0 -DWITH_SSL=1 -DWITH_LIBCRYPTO=1 -DWITH_LIBCURL=1 -DWITH_LIBUSB=1 -DWITH_PCSC=1 -I/opt/s3_ncam_bonecrew_test/support/toolchains/vuplus4k_armv7a/bin/../armv7a-vuplus4k-linux-gnueabihf/sysroot/usr/include/PCSC -I/opt/s3_ncam_bonecrew_test/support/toolchains/vuplus4k_armv7a/bin/../armv7a-vuplus4k-linux-gnueabihf/sysroot/usr/include/../local/include/PCSC -DWITH_UTF8=1 -DWITH_UTF8 -DWITH_LIBDVBCSA=1
|  LDFLAGS  = -Wl,--gc-sections -DWITH_SSL=1 -DWITH_LIBCRYPTO=1 -DWITH_LIBCURL=1 -DWITH_LIBUSB=1 -DWITH_PCSC=1 -I/opt/s3_ncam_bonecrew_test/support/toolchains/vuplus4k_armv7a/bin/../armv7a-vuplus4k-linux-gnueabihf/sysroot/usr/include/PCSC -I/opt/s3_ncam_bonecrew_test/support/toolchains/vuplus4k_armv7a/bin/../armv7a-vuplus4k-linux-gnueabihf/sysroot/usr/include/../local/include/PCSC -DWITH_UTF8=1 -DWITH_UTF8 -DWITH_LIBDVBCSA=1
|  LIBS     = -lssl -lcrypto -lcurl -lusb-1.0 -lrt -lpcsclite -ldvbcsa -lm -lpthread -ldl -lrt
|  UseFlags = USE_SSL=1 USE_LIBCRYPTO=1 USE_LIBCURL=1 USE_LIBUSB=1 USE_PCSC=1 USE_UTF8=1 USE_LIBDVBCSA=1
| Config:
|  Addons   : WEBIF WEBIF_LIVELOG WEBIF_JQUERY WITH_COMPRESS_WEBIF TOUCH WITH_SSL HAVE_DVBAPI WITH_NEUTRINO READ_SDT_CHARSETS IRDETO_GUESSING CS_ANTICASC WITH_DEBUG MODULE_MONITOR WITH_LB CS_CACHEEX CS_CACHEEX_AIO CW_CYCLE_CHECK LCDSUPPORT LEDSUPPORT CLOCKFIX WITH_SIGNING WITH_CARDLIST WITH_EMU WITH_SOFTCAM
|  Protocols: CAMD33 CAMD35 CAMD35_TCP NEWCAMD CCCAM CCCSHARE GBOX RADEGAST SCAM SERIAL CONSTCW PANDORA GHTTP STREAMRELAY
|  Readers  : NAGRA NAGRA_MERLIN IRDETO CONAX CRYPTOWORKS SECA VIACCESS VIDEOGUARD DRE TONGFANG STREAMGUARD JET BULCRYPT GRIFFIN DGCRYPT
|  CardRdrs : PHOENIX INTERNAL SC8IN1 MP35 SMARGO STAPI STINGER DRECAS SMART PCSC
|  Compiler : armv7a-vuplus4k-linux-gnueabihf-gcc (crosstool-NG 1.26.0.30_cd0d146 - simplebuild3) 13.2.0
|  Signing  : OpenSSL 3.0.13 30 Jan 2024
|             Public Key Algorithm: id-ecPublicKey, Public-Key: (256 bit), Signature Algorithm: ecdsa-with-SHA256,
|             Valid Not After: 04.01.2026 16:04:15, Subject: CN = Private NCam CA Certificate
|  Config   : build/armv7a-vuplus4k-linux-gnueabihf-ssl-libcurl-libusb-pcsc-libdvbcsa/config.mak
|  Binary   : /opt/s3_ncam_bonecrew_test/support/binaries/ncam-git_bonecrew_r1.2.4_2025_05_11884_@f8e395ba-vuplus4k_armv7a-webif-dvbapi-ssl-libusb-pcsc-libdvbcsa-emu-icam-extra-signed
+-------------------------------------------------------------------------------
HOSTCC	webif/pages_gen
GEN	webif/pages.c
GEN	Compressed 576088 template bytes into 232310 bytes. 343778 saved bytes (59.67%).
CC	cscrypt/i_cbc.c
CC	cscrypt/i_ecb.c
CC	cscrypt/i_skey.c
CC	cscrypt/fast_aes.c
CC	cscrypt/rc6.c
CC	cscrypt/sha256.c
CC	cscrypt/jet_twofish.c
CC	cscrypt/mdc2.c
CC	cscrypt/des.c
CC	cardlist.c
CC	cscrypt/jet_dh.c
CC	csctapi/protocol_t0.c
CC	cscrypt/md5.c
CC	csctapi/atr.c
CC	csctapi/icc_async.c
CC	csctapi/protocol_t1.c
CC	csctapi/io_serial.c
cscrypt/mdc2.c: In function 'mdc2_body':
cscrypt/mdc2.c:636:17: warning: 'DES_set_odd_parity' is deprecated: Since OpenSSL 3.0 [-Wdeprecated-declarations]
  636 |                 DES_set_odd_parity(&c->h);
      |                 ^~~~~~~~~~~~~~~~~~
In file included from cscrypt/mdc2.h:63,
                 from cscrypt/mdc2.c:3:
/opt/s3_ncam_bonecrew_test/support/toolchains/vuplus4k_armv7a/armv7a-vuplus4k-linux-gnueabihf/sysroot/usr/include/openssl/des.h:176:28: note: declared here
  176 | OSSL_DEPRECATEDIN_3_0 void DES_set_odd_parity(DES_cblock *key);
      |                            ^~~~~~~~~~~~~~~~~~
cscrypt/mdc2.c:637:17: warning: 'DES_set_key_unchecked' is deprecated: Since OpenSSL 3.0 [-Wdeprecated-declarations]
  637 |                 DES_set_key_unchecked(&c->h, &k);
      |                 ^~~~~~~~~~~~~~~~~~~~~
/opt/s3_ncam_bonecrew_test/support/toolchains/vuplus4k_armv7a/armv7a-vuplus4k-linux-gnueabihf/sysroot/usr/include/openssl/des.h:192:6: note: declared here
  192 | void DES_set_key_unchecked(const_DES_cblock *key, DES_key_schedule *schedule);
      |      ^~~~~~~~~~~~~~~~~~~~~
cscrypt/mdc2.c:638:17: warning: 'DES_encrypt1' is deprecated: Since OpenSSL 3.0 [-Wdeprecated-declarations]
  638 |                 DES_encrypt1(d, &k, 1);
      |                 ^~~~~~~~~~~~
/opt/s3_ncam_bonecrew_test/support/toolchains/vuplus4k_armv7a/armv7a-vuplus4k-linux-gnueabihf/sysroot/usr/include/openssl/des.h:121:6: note: declared here
  121 | void DES_encrypt1(DES_LONG *data, DES_key_schedule *ks, int enc);
      |      ^~~~~~~~~~~~
cscrypt/mdc2.c:640:17: warning: 'DES_set_odd_parity' is deprecated: Since OpenSSL 3.0 [-Wdeprecated-declarations]
  640 |                 DES_set_odd_parity(&c->hh);
      |                 ^~~~~~~~~~~~~~~~~~
/opt/s3_ncam_bonecrew_test/support/toolchains/vuplus4k_armv7a/armv7a-vuplus4k-linux-gnueabihf/sysroot/usr/include/openssl/des.h:176:28: note: declared here
  176 | OSSL_DEPRECATEDIN_3_0 void DES_set_odd_parity(DES_cblock *key);
      |                            ^~~~~~~~~~~~~~~~~~
cscrypt/mdc2.c:641:17: warning: 'DES_set_key_unchecked' is deprecated: Since OpenSSL 3.0 [-Wdeprecated-declarations]
  641 |                 DES_set_key_unchecked(&c->hh, &k);
      |                 ^~~~~~~~~~~~~~~~~~~~~
/opt/s3_ncam_bonecrew_test/support/toolchains/vuplus4k_armv7a/armv7a-vuplus4k-linux-gnueabihf/sysroot/usr/include/openssl/des.h:192:6: note: declared here
  192 | void DES_set_key_unchecked(const_DES_cblock *key, DES_key_schedule *schedule);
      |      ^~~~~~~~~~~~~~~~~~~~~
cscrypt/mdc2.c:642:17: warning: 'DES_encrypt1' is deprecated: Since OpenSSL 3.0 [-Wdeprecated-declarations]
  642 |                 DES_encrypt1(dd, &k, 1);
      |                 ^~~~~~~~~~~~
/opt/s3_ncam_bonecrew_test/support/toolchains/vuplus4k_armv7a/armv7a-vuplus4k-linux-gnueabihf/sysroot/usr/include/openssl/des.h:121:6: note: declared here
  121 | void DES_encrypt1(DES_LONG *data, DES_key_schedule *ks, int enc);
      |      ^~~~~~~~~~~~
cscrypt/md5.c: In function '__md5_crypt':
cscrypt/md5.c:320:9: warning: 'MD5_Init' is deprecated: Since OpenSSL 3.0 [-Wdeprecated-declarations]
  320 |         MD5_Init(&ctx);
      |         ^~~~~~~~
In file included from cscrypt/md5.h:5,
                 from cscrypt/md5.c:24:
/opt/s3_ncam_bonecrew_test/support/toolchains/vuplus4k_armv7a/armv7a-vuplus4k-linux-gnueabihf/sysroot/usr/include/openssl/md5.h:49:27: note: declared here
   49 | OSSL_DEPRECATEDIN_3_0 int MD5_Init(MD5_CTX *c);
      |                           ^~~~~~~~
cscrypt/md5.c:324:9: warning: 'MD5_Update' is deprecated: Since OpenSSL 3.0 [-Wdeprecated-declarations]
  324 |         MD5_Update(&ctx, (const unsigned char *)pw, pw_len);
      |         ^~~~~~~~~~
/opt/s3_ncam_bonecrew_test/support/toolchains/vuplus4k_armv7a/armv7a-vuplus4k-linux-gnueabihf/sysroot/usr/include/openssl/md5.h:50:27: note: declared here
   50 | OSSL_DEPRECATEDIN_3_0 int MD5_Update(MD5_CTX *c, const void *data, size_t len);
      |                           ^~~~~~~~~~
cscrypt/md5.c:327:9: warning: 'MD5_Update' is deprecated: Since OpenSSL 3.0 [-Wdeprecated-declarations]
  327 |         MD5_Update(&ctx, (const unsigned char *)__md5__magic, __md5__magic_len);
      |         ^~~~~~~~~~
/opt/s3_ncam_bonecrew_test/support/toolchains/vuplus4k_armv7a/armv7a-vuplus4k-linux-gnueabihf/sysroot/usr/include/openssl/md5.h:50:27: note: declared here
   50 | OSSL_DEPRECATEDIN_3_0 int MD5_Update(MD5_CTX *c, const void *data, size_t len);
      |                           ^~~~~~~~~~
cscrypt/md5.c:330:9: warning: 'MD5_Update' is deprecated: Since OpenSSL 3.0 [-Wdeprecated-declarations]
  330 |         MD5_Update(&ctx, (const unsigned char *)sp, sl);
      |         ^~~~~~~~~~
/opt/s3_ncam_bonecrew_test/support/toolchains/vuplus4k_armv7a/armv7a-vuplus4k-linux-gnueabihf/sysroot/usr/include/openssl/md5.h:50:27: note: declared here
   50 | OSSL_DEPRECATEDIN_3_0 int MD5_Update(MD5_CTX *c, const void *data, size_t len);
      |                           ^~~~~~~~~~
cscrypt/md5.c:333:9: warning: 'MD5_Init' is deprecated: Since OpenSSL 3.0 [-Wdeprecated-declarations]
  333 |         MD5_Init(&ctx1);
      |         ^~~~~~~~
/opt/s3_ncam_bonecrew_test/support/toolchains/vuplus4k_armv7a/armv7a-vuplus4k-linux-gnueabihf/sysroot/usr/include/openssl/md5.h:49:27: note: declared here
   49 | OSSL_DEPRECATEDIN_3_0 int MD5_Init(MD5_CTX *c);
      |                           ^~~~~~~~
cscrypt/md5.c:334:9: warning: 'MD5_Update' is deprecated: Since OpenSSL 3.0 [-Wdeprecated-declarations]
  334 |         MD5_Update(&ctx1, (const unsigned char *)pw, pw_len);
      |         ^~~~~~~~~~
/opt/s3_ncam_bonecrew_test/support/toolchains/vuplus4k_armv7a/armv7a-vuplus4k-linux-gnueabihf/sysroot/usr/include/openssl/md5.h:50:27: note: declared here
   50 | OSSL_DEPRECATEDIN_3_0 int MD5_Update(MD5_CTX *c, const void *data, size_t len);
      |                           ^~~~~~~~~~
cscrypt/md5.c:335:9: warning: 'MD5_Update' is deprecated: Since OpenSSL 3.0 [-Wdeprecated-declarations]
  335 |         MD5_Update(&ctx1, (const unsigned char *)sp, sl);
      |         ^~~~~~~~~~
/opt/s3_ncam_bonecrew_test/support/toolchains/vuplus4k_armv7a/armv7a-vuplus4k-linux-gnueabihf/sysroot/usr/include/openssl/md5.h:50:27: note: declared here
   50 | OSSL_DEPRECATEDIN_3_0 int MD5_Update(MD5_CTX *c, const void *data, size_t len);
      |                           ^~~~~~~~~~
cscrypt/md5.c:336:9: warning: 'MD5_Update' is deprecated: Since OpenSSL 3.0 [-Wdeprecated-declarations]
  336 |         MD5_Update(&ctx1, (const unsigned char *)pw, pw_len);
      |         ^~~~~~~~~~
/opt/s3_ncam_bonecrew_test/support/toolchains/vuplus4k_armv7a/armv7a-vuplus4k-linux-gnueabihf/sysroot/usr/include/openssl/md5.h:50:27: note: declared here
   50 | OSSL_DEPRECATEDIN_3_0 int MD5_Update(MD5_CTX *c, const void *data, size_t len);
      |                           ^~~~~~~~~~
cscrypt/md5.c:337:9: warning: 'MD5_Final' is deprecated: Since OpenSSL 3.0 [-Wdeprecated-declarations]
  337 |         MD5_Final(final, &ctx1);
      |         ^~~~~~~~~
/opt/s3_ncam_bonecrew_test/support/toolchains/vuplus4k_armv7a/armv7a-vuplus4k-linux-gnueabihf/sysroot/usr/include/openssl/md5.h:51:27: note: declared here
   51 | OSSL_DEPRECATEDIN_3_0 int MD5_Final(unsigned char *md, MD5_CTX *c);
      |                           ^~~~~~~~~
cscrypt/md5.c:339:17: warning: 'MD5_Update' is deprecated: Since OpenSSL 3.0 [-Wdeprecated-declarations]
  339 |                 { MD5_Update(&ctx, (const unsigned char *)final, pl > 16 ? 16 : pl); }
      |                 ^
/opt/s3_ncam_bonecrew_test/support/toolchains/vuplus4k_armv7a/armv7a-vuplus4k-linux-gnueabihf/sysroot/usr/include/openssl/md5.h:50:27: note: declared here
   50 | OSSL_DEPRECATEDIN_3_0 int MD5_Update(MD5_CTX *c, const void *data, size_t len);
      |                           ^~~~~~~~~~
cscrypt/md5.c:347:17: warning: 'MD5_Update' is deprecated: Since OpenSSL 3.0 [-Wdeprecated-declarations]
  347 |                 MD5_Update(&ctx, ((i & 1) ? final : (const unsigned char *) pw), 1);
      |                 ^~~~~~~~~~
/opt/s3_ncam_bonecrew_test/support/toolchains/vuplus4k_armv7a/armv7a-vuplus4k-linux-gnueabihf/sysroot/usr/include/openssl/md5.h:50:27: note: declared here
   50 | OSSL_DEPRECATEDIN_3_0 int MD5_Update(MD5_CTX *c, const void *data, size_t len);
      |                           ^~~~~~~~~~
cscrypt/md5.c:355:9: warning: 'MD5_Final' is deprecated: Since OpenSSL 3.0 [-Wdeprecated-declarations]
  355 |         MD5_Final(final, &ctx);
      |         ^~~~~~~~~
/opt/s3_ncam_bonecrew_test/support/toolchains/vuplus4k_armv7a/armv7a-vuplus4k-linux-gnueabihf/sysroot/usr/include/openssl/md5.h:51:27: note: declared here
   51 | OSSL_DEPRECATEDIN_3_0 int MD5_Final(unsigned char *md, MD5_CTX *c);
      |                           ^~~~~~~~~
cscrypt/md5.c:364:17: warning: 'MD5_Init' is deprecated: Since OpenSSL 3.0 [-Wdeprecated-declarations]
  364 |                 MD5_Init(&ctx1);
      |                 ^~~~~~~~
/opt/s3_ncam_bonecrew_test/support/toolchains/vuplus4k_armv7a/armv7a-vuplus4k-linux-gnueabihf/sysroot/usr/include/openssl/md5.h:49:27: note: declared here
   49 | OSSL_DEPRECATEDIN_3_0 int MD5_Init(MD5_CTX *c);
      |                           ^~~~~~~~
cscrypt/md5.c:366:25: warning: 'MD5_Update' is deprecated: Since OpenSSL 3.0 [-Wdeprecated-declarations]
  366 |                         { MD5_Update(&ctx1, (const unsigned char *)pw, pw_len); }
      |                         ^
/opt/s3_ncam_bonecrew_test/support/toolchains/vuplus4k_armv7a/armv7a-vuplus4k-linux-gnueabihf/sysroot/usr/include/openssl/md5.h:50:27: note: declared here
   50 | OSSL_DEPRECATEDIN_3_0 int MD5_Update(MD5_CTX *c, const void *data, size_t len);
      |                           ^~~~~~~~~~
cscrypt/md5.c:368:25: warning: 'MD5_Update' is deprecated: Since OpenSSL 3.0 [-Wdeprecated-declarations]
  368 |                         { MD5_Update(&ctx1, (const unsigned char *)final, 16); }
      |                         ^
/opt/s3_ncam_bonecrew_test/support/toolchains/vuplus4k_armv7a/armv7a-vuplus4k-linux-gnueabihf/sysroot/usr/include/openssl/md5.h:50:27: note: declared here
   50 | OSSL_DEPRECATEDIN_3_0 int MD5_Update(MD5_CTX *c, const void *data, size_t len);
      |                           ^~~~~~~~~~
cscrypt/md5.c:371:25: warning: 'MD5_Update' is deprecated: Since OpenSSL 3.0 [-Wdeprecated-declarations]
  371 |                         { MD5_Update(&ctx1, (const unsigned char *)sp, sl); }
      |                         ^
/opt/s3_ncam_bonecrew_test/support/toolchains/vuplus4k_armv7a/armv7a-vuplus4k-linux-gnueabihf/sysroot/usr/include/openssl/md5.h:50:27: note: declared here
   50 | OSSL_DEPRECATEDIN_3_0 int MD5_Update(MD5_CTX *c, const void *data, size_t len);
      |                           ^~~~~~~~~~
cscrypt/md5.c:374:25: warning: 'MD5_Update' is deprecated: Since OpenSSL 3.0 [-Wdeprecated-declarations]
  374 |                         { MD5_Update(&ctx1, (const unsigned char *)pw, pw_len); }
      |                         ^
/opt/s3_ncam_bonecrew_test/support/toolchains/vuplus4k_armv7a/armv7a-vuplus4k-linux-gnueabihf/sysroot/usr/include/openssl/md5.h:50:27: note: declared here
   50 | OSSL_DEPRECATEDIN_3_0 int MD5_Update(MD5_CTX *c, const void *data, size_t len);
      |                           ^~~~~~~~~~
cscrypt/md5.c:377:25: warning: 'MD5_Update' is deprecated: Since OpenSSL 3.0 [-Wdeprecated-declarations]
  377 |                         { MD5_Update(&ctx1, (const unsigned char *)final, 16); }
      |                         ^
/opt/s3_ncam_bonecrew_test/support/toolchains/vuplus4k_armv7a/armv7a-vuplus4k-linux-gnueabihf/sysroot/usr/include/openssl/md5.h:50:27: note: declared here
   50 | OSSL_DEPRECATEDIN_3_0 int MD5_Update(MD5_CTX *c, const void *data, size_t len);
      |                           ^~~~~~~~~~
cscrypt/md5.c:379:25: warning: 'MD5_Update' is deprecated: Since OpenSSL 3.0 [-Wdeprecated-declarations]
  379 |                         { MD5_Update(&ctx1, (const unsigned char *)pw, pw_len); }
      |                         ^
/opt/s3_ncam_bonecrew_test/support/toolchains/vuplus4k_armv7a/armv7a-vuplus4k-linux-gnueabihf/sysroot/usr/include/openssl/md5.h:50:27: note: declared here
   50 | OSSL_DEPRECATEDIN_3_0 int MD5_Update(MD5_CTX *c, const void *data, size_t len);
      |                           ^~~~~~~~~~
cscrypt/md5.c:380:17: warning: 'MD5_Final' is deprecated: Since OpenSSL 3.0 [-Wdeprecated-declarations]
  380 |                 MD5_Final(final, &ctx1);
      |                 ^~~~~~~~~
/opt/s3_ncam_bonecrew_test/support/toolchains/vuplus4k_armv7a/armv7a-vuplus4k-linux-gnueabihf/sysroot/usr/include/openssl/md5.h:51:27: note: declared here
   51 | OSSL_DEPRECATEDIN_3_0 int MD5_Final(unsigned char *md, MD5_CTX *c);
      |                           ^~~~~~~~~
CC	csctapi/ifd_phoenix.c
CC	csctapi/ifd_pcsc.c
CC	csctapi/ifd_mp35.c
CC	csctapi/ifd_drecas.c
CC	csctapi/ifd_sci.c
CC	csctapi/ifd_sc8in1.c
CC	csctapi/ifd_smartreader.c
CC	minilzo/minilzo.c
CC	module-anticasc.c
CC	csctapi/ifd_smargo.c
CC	csctapi/ifd_stinger.c
CC	module-cacheex.c
CC	module-camd33.c
CC	module-camd35-cacheex.c
CC	module-camd35.c
CC	module-cccam-cacheex.c
CC	module-cccam.c
CC	module-constcw.c
CC	module-cccshare.c
module-camd35.c: In function 'camd35_auth_client':
module-camd35.c:146:17: warning: 'MD5' is deprecated: Since OpenSSL 3.0 [-Wdeprecated-declarations]
  146 |                 if(crc == crc32(0L, MD5((uint8_t *)account->usr, cs_strlen(account->usr), md5tmp), MD5_DIGEST_LENGTH))
      |                 ^~
In file included from cscrypt/md5.h:5,
                 from module-camd35.c:6:
/opt/s3_ncam_bonecrew_test/support/toolchains/vuplus4k_armv7a/armv7a-vuplus4k-linux-gnueabihf/sysroot/usr/include/openssl/md5.h:52:38: note: declared here
   52 | OSSL_DEPRECATEDIN_3_0 unsigned char *MD5(const unsigned char *d, size_t n,
      |                                      ^~~
module-camd35.c:153:33: warning: 'MD5' is deprecated: Since OpenSSL 3.0 [-Wdeprecated-declarations]
  153 |                                 if(!aes_set_key_alloc(&cl->aes_keys, (char *) MD5(cl->upwd, cs_strlen((char *)cl->upwd), md5tmp)))
      |                                 ^~
/opt/s3_ncam_bonecrew_test/support/toolchains/vuplus4k_armv7a/armv7a-vuplus4k-linux-gnueabihf/sysroot/usr/include/openssl/md5.h:52:38: note: declared here
   52 | OSSL_DEPRECATEDIN_3_0 unsigned char *MD5(const unsigned char *d, size_t n,
      |                                      ^~~
module-camd35.c: In function 'camd35_client_init':
module-camd35.c:867:9: warning: 'MD5' is deprecated: Since OpenSSL 3.0 [-Wdeprecated-declarations]
  867 |         i2b_buf(4, crc32(0L, MD5((uint8_t *)cl->reader->r_usr, cs_strlen(cl->reader->r_usr), md5tmp), 16), cl->ucrc);
      |         ^~~~~~~
/opt/s3_ncam_bonecrew_test/support/toolchains/vuplus4k_armv7a/armv7a-vuplus4k-linux-gnueabihf/sysroot/usr/include/openssl/md5.h:52:38: note: declared here
   52 | OSSL_DEPRECATEDIN_3_0 unsigned char *MD5(const unsigned char *d, size_t n,
      |                                      ^~~
module-camd35.c:869:9: warning: 'MD5' is deprecated: Since OpenSSL 3.0 [-Wdeprecated-declarations]
  869 |         if(!aes_set_key_alloc(&cl->aes_keys, (char *)MD5(cl->upwd, cs_strlen((char *)cl->upwd), md5tmp)))
      |         ^~
/opt/s3_ncam_bonecrew_test/support/toolchains/vuplus4k_armv7a/armv7a-vuplus4k-linux-gnueabihf/sysroot/usr/include/openssl/md5.h:52:38: note: declared here
   52 | OSSL_DEPRECATEDIN_3_0 unsigned char *MD5(const unsigned char *d, size_t n,
      |                                      ^~~
CC	module-emulator.c
module-cccam.c: In function 'cc_crypt_cmd0c':
module-cccam.c:281:33: warning: 'AES_decrypt' is deprecated: Since OpenSSL 3.0 [-Wdeprecated-declarations]
  281 |                                 AES_decrypt((uint8_t *)buf + i * 16, (uint8_t *)out + i * 16, &cc->cmd0c_AES_key);
      |                                 ^~~~~~~~~~~
In file included from cscrypt/aes.h:2,
                 from globals.h:123,
                 from module-cccam.c:3:
/opt/s3_ncam_bonecrew_test/support/toolchains/vuplus4k_armv7a/armv7a-vuplus4k-linux-gnueabihf/sysroot/usr/include/openssl/aes.h:60:6: note: declared here
   60 | void AES_decrypt(const unsigned char *in, unsigned char *out,
      |      ^~~~~~~~~~~
module-cccam.c: In function 'set_cmd0c_cryptkey':
module-cccam.c:351:25: warning: 'AES_set_decrypt_key' is deprecated: Since OpenSSL 3.0 [-Wdeprecated-declarations]
  351 |                         AES_set_decrypt_key((uint8_t *)key_buf, 256, &cc->cmd0c_AES_key);
      |                         ^~~~~~~~~~~~~~~~~~~
/opt/s3_ncam_bonecrew_test/support/toolchains/vuplus4k_armv7a/armv7a-vuplus4k-linux-gnueabihf/sysroot/usr/include/openssl/aes.h:54:5: note: declared here
   54 | int AES_set_decrypt_key(const unsigned char *userKey, const int bits,
      |     ^~~~~~~~~~~~~~~~~~~
module-cccam.c: In function 'send_cmd05_answer':
module-cccam.c:1229:41: warning: 'AES_set_encrypt_key' is deprecated: Since OpenSSL 3.0 [-Wdeprecated-declarations]
 1229 |                                         AES_set_encrypt_key((uint8_t *) &aeskey, 128, &key);
      |                                         ^~~~~~~~~~~~~~~~~~~
/opt/s3_ncam_bonecrew_test/support/toolchains/vuplus4k_armv7a/armv7a-vuplus4k-linux-gnueabihf/sysroot/usr/include/openssl/aes.h:51:5: note: declared here
   51 | int AES_set_encrypt_key(const unsigned char *userKey, const int bits,
      |     ^~~~~~~~~~~~~~~~~~~
module-cccam.c:1234:49: warning: 'AES_encrypt' is deprecated: Since OpenSSL 3.0 [-Wdeprecated-declarations]
 1234 |                                                 AES_encrypt((uint8_t *)data + i, (uint8_t *) &out + i, &key);
      |                                                 ^~~~~~~~~~~
/opt/s3_ncam_bonecrew_test/support/toolchains/vuplus4k_armv7a/armv7a-vuplus4k-linux-gnueabihf/sysroot/usr/include/openssl/aes.h:57:6: note: declared here
   57 | void AES_encrypt(const unsigned char *in, unsigned char *out,
      |      ^~~~~~~~~~~
CC	module-emulator-nemu.c
module-cccam.c: In function 'cc_parse_msg':
module-cccam.c:3753:25: warning: 'AES_set_encrypt_key' is deprecated: Since OpenSSL 3.0 [-Wdeprecated-declarations]
 3753 |                         AES_set_encrypt_key((uint8_t *)&aeskey, 128, &key);
      |                         ^~~~~~~~~~~~~~~~~~~
/opt/s3_ncam_bonecrew_test/support/toolchains/vuplus4k_armv7a/armv7a-vuplus4k-linux-gnueabihf/sysroot/usr/include/openssl/aes.h:51:5: note: declared here
   51 | int AES_set_encrypt_key(const unsigned char *userKey, const int bits,
      |     ^~~~~~~~~~~~~~~~~~~
module-cccam.c:3754:25: warning: 'AES_encrypt' is deprecated: Since OpenSSL 3.0 [-Wdeprecated-declarations]
 3754 |                         AES_encrypt((uint8_t *)data, (uint8_t *)&out, &key);
      |                         ^~~~~~~~~~~
/opt/s3_ncam_bonecrew_test/support/toolchains/vuplus4k_armv7a/armv7a-vuplus4k-linux-gnueabihf/sysroot/usr/include/openssl/aes.h:57:6: note: declared here
   57 | void AES_encrypt(const unsigned char *in, unsigned char *out,
      |      ^~~~~~~~~~~
module-cccam.c:3793:33: warning: 'MD5' is deprecated: Since OpenSSL 3.0 [-Wdeprecated-declarations]
 3793 |                                 MD5(data, 0x20, md5hash);
      |                                 ^~~
In file included from cscrypt/md5.h:5,
                 from module-cccam.c:7:
/opt/s3_ncam_bonecrew_test/support/toolchains/vuplus4k_armv7a/armv7a-vuplus4k-linux-gnueabihf/sysroot/usr/include/openssl/md5.h:52:38: note: declared here
   52 | OSSL_DEPRECATEDIN_3_0 unsigned char *MD5(const unsigned char *d, size_t n,
      |                                      ^~~
module-cccam.c: In function 'cc_srv_connect':
module-cccam.c:4317:9: warning: 'SHA1_Init' is deprecated: Since OpenSSL 3.0 [-Wdeprecated-declarations]
 4317 |         SHA1_Init(&ctx);
      |         ^~~~~~~~~
In file included from cscrypt/sha1.h:2,
                 from module-cccam.c:8:
/opt/s3_ncam_bonecrew_test/support/toolchains/vuplus4k_armv7a/armv7a-vuplus4k-linux-gnueabihf/sysroot/usr/include/openssl/sha.h:49:27: note: declared here
   49 | OSSL_DEPRECATEDIN_3_0 int SHA1_Init(SHA_CTX *c);
      |                           ^~~~~~~~~
module-cccam.c:4318:9: warning: 'SHA1_Update' is deprecated: Since OpenSSL 3.0 [-Wdeprecated-declarations]
 4318 |         SHA1_Update(&ctx, data, 16);
      |         ^~~~~~~~~~~
/opt/s3_ncam_bonecrew_test/support/toolchains/vuplus4k_armv7a/armv7a-vuplus4k-linux-gnueabihf/sysroot/usr/include/openssl/sha.h:50:27: note: declared here
   50 | OSSL_DEPRECATEDIN_3_0 int SHA1_Update(SHA_CTX *c, const void *data, size_t len);
      |                           ^~~~~~~~~~~
module-cccam.c:4319:9: warning: 'SHA1_Final' is deprecated: Since OpenSSL 3.0 [-Wdeprecated-declarations]
 4319 |         SHA1_Final(buf, &ctx);
      |         ^~~~~~~~~~
/opt/s3_ncam_bonecrew_test/support/toolchains/vuplus4k_armv7a/armv7a-vuplus4k-linux-gnueabihf/sysroot/usr/include/openssl/sha.h:51:27: note: declared here
   51 | OSSL_DEPRECATEDIN_3_0 int SHA1_Final(unsigned char *md, SHA_CTX *c);
      |                           ^~~~~~~~~~
module-cccam.c: In function 'cc_cli_connect':
module-cccam.c:4775:9: warning: 'SHA1_Init' is deprecated: Since OpenSSL 3.0 [-Wdeprecated-declarations]
 4775 |         SHA1_Init(&ctx);
      |         ^~~~~~~~~
/opt/s3_ncam_bonecrew_test/support/toolchains/vuplus4k_armv7a/armv7a-vuplus4k-linux-gnueabihf/sysroot/usr/include/openssl/sha.h:49:27: note: declared here
   49 | OSSL_DEPRECATEDIN_3_0 int SHA1_Init(SHA_CTX *c);
      |                           ^~~~~~~~~
module-cccam.c:4776:9: warning: 'SHA1_Update' is deprecated: Since OpenSSL 3.0 [-Wdeprecated-declarations]
 4776 |         SHA1_Update(&ctx, data, 16);
      |         ^~~~~~~~~~~
/opt/s3_ncam_bonecrew_test/support/toolchains/vuplus4k_armv7a/armv7a-vuplus4k-linux-gnueabihf/sysroot/usr/include/openssl/sha.h:50:27: note: declared here
   50 | OSSL_DEPRECATEDIN_3_0 int SHA1_Update(SHA_CTX *c, const void *data, size_t len);
      |                           ^~~~~~~~~~~
module-cccam.c:4777:9: warning: 'SHA1_Final' is deprecated: Since OpenSSL 3.0 [-Wdeprecated-declarations]
 4777 |         SHA1_Final(hash, &ctx);
      |         ^~~~~~~~~~
/opt/s3_ncam_bonecrew_test/support/toolchains/vuplus4k_armv7a/armv7a-vuplus4k-linux-gnueabihf/sysroot/usr/include/openssl/sha.h:51:27: note: declared here
   51 | OSSL_DEPRECATEDIN_3_0 int SHA1_Final(unsigned char *md, SHA_CTX *c);
      |                           ^~~~~~~~~~
CC	module-emulator-cryptoworks.c
CC	module-emulator-biss.c
CC	module-emulator-director.c
module-emulator-nemu.c: In function 'down_softcam':
module-emulator-nemu.c:137:26: warning: declaration of 'i' shadows a previous local [-Wshadow]
  137 |                 uint32_t i;
      |                          ^
module-emulator-nemu.c:122:26: note: shadowed declaration is here
  122 |         int32_t ret = 0, i, len = cs_strlen(get_tmp_dir()) + cs_strlen(rdr->label) + 2;
      |                          ^
CC	module-emulator-irdeto.c
CC	module-emulator-nagravision.c
CC	module-emulator-omnicrypt.c
CC	module-emulator-powervu.c
module-emulator-biss.c: In function 'parse_session_data':
module-emulator-biss.c:669:9: warning: 'RSA_private_decrypt' is deprecated: Since OpenSSL 3.0 [-Wdeprecated-declarations]
  669 |         if (RSA_private_decrypt(256, data, session_data, key, RSA_PKCS1_OAEP_PADDING) > 0)
      |         ^~
In file included from module-emulator-biss.h:7,
                 from module-emulator-biss.c:8:
/opt/s3_ncam_bonecrew_test/support/toolchains/vuplus4k_armv7a/armv7a-vuplus4k-linux-gnueabihf/sysroot/usr/include/openssl/rsa.h:302:5: note: declared here
  302 | int RSA_private_decrypt(int flen, const unsigned char *from, unsigned char *to,
      |     ^~~~~~~~~~~~~~~~~~~
module-emulator-biss.c: In function 'biss_read_pem':
module-emulator-biss.c:827:17: warning: 'PEM_read_RSAPrivateKey' is deprecated: Since OpenSSL 3.0 [-Wdeprecated-declarations]
  827 |                 if ((new_item->key = PEM_read_RSAPrivateKey(fp_pri, NULL, NULL, NULL)) == NULL)
      |                 ^~
In file included from module-emulator-biss.c:13:
/opt/s3_ncam_bonecrew_test/support/toolchains/vuplus4k_armv7a/armv7a-vuplus4k-linux-gnueabihf/sysroot/usr/include/openssl/pem.h:452:1: note: declared here
  452 | DECLARE_PEM_rw_cb_attr(OSSL_DEPRECATEDIN_3_0, RSAPrivateKey, RSA)
      | ^~~~~~~~~~~~~~~~~~~~~~
module-emulator-biss.c:852:17: warning: 'i2d_RSA_PUBKEY' is deprecated: Since OpenSSL 3.0 [-Wdeprecated-declarations]
  852 |                 if ((length = i2d_RSA_PUBKEY(new_item->key, &der)) <= 0)
      |                 ^~
In file included from /opt/s3_ncam_bonecrew_test/support/toolchains/vuplus4k_armv7a/armv7a-vuplus4k-linux-gnueabihf/sysroot/usr/include/openssl/rsa.h:21:
/opt/s3_ncam_bonecrew_test/support/toolchains/vuplus4k_armv7a/armv7a-vuplus4k-linux-gnueabihf/sysroot/usr/include/openssl/x509.h:730:1: note: declared here
  730 | DECLARE_ASN1_ENCODE_FUNCTIONS_only_attr(OSSL_DEPRECATEDIN_3_0,RSA, RSA_PUBKEY)
      | ^~~~~~~~~~~~~~~~~~~~~~~~~~~~~~~~~~~~~~~
CC	module-emulator-viaccess.c
CC	module-csp.c
CC	module-cw-cycle-check.c
CC	module-dvbapi-chancache.c
CC	module-dvbapi.c
CC	module-gbox-sms.c
CC	module-gbox-remm.c
CC	module-gbox-helper.c
CC	module-gbox-cards.c
CC	module-gbox.c
CC	module-ird-guess.c
module-dvbapi.c: In function 'request_cw':
CC	module-lcd.c
module-dvbapi.c:4154:17: warning: 'MD5' is deprecated: Since OpenSSL 3.0 [-Wdeprecated-declarations]
 4154 |                 MD5(er->ecm, er->ecmlen, md5tmp);
      |                 ^~~
In file included from cscrypt/md5.h:5,
                 from module-streamrelay.h:30,
                 from module-dvbapi.c:16:
/opt/s3_ncam_bonecrew_test/support/toolchains/vuplus4k_armv7a/armv7a-vuplus4k-linux-gnueabihf/sysroot/usr/include/openssl/md5.h:52:38: note: declared here
   52 | OSSL_DEPRECATEDIN_3_0 unsigned char *MD5(const unsigned char *d, size_t n,
      |                                      ^~~
module-dvbapi.c: In function 'dvbapi_check_ecm_delayed_delivery':
module-dvbapi.c:8974:17: warning: 'MD5' is deprecated: Since OpenSSL 3.0 [-Wdeprecated-declarations]
 8974 |                 MD5(er->ecm, er->ecmlen, md5tmp);
      |                 ^~~
/opt/s3_ncam_bonecrew_test/support/toolchains/vuplus4k_armv7a/armv7a-vuplus4k-linux-gnueabihf/sysroot/usr/include/openssl/md5.h:52:38: note: declared here
   52 | OSSL_DEPRECATEDIN_3_0 unsigned char *MD5(const unsigned char *d, size_t n,
      |                                      ^~~
CC	module-monitor.c
CC	module-led.c
CC	module-newcamd-des.c
CC	module-newcamd.c
CC	module-pandora.c
module-monitor.c: In function 'secmon_auth_client':
module-monitor.c:98:33: warning: 'MD5' is deprecated: Since OpenSSL 3.0 [-Wdeprecated-declarations]
   98 |                                 (crc == crc32(0L, MD5((uint8_t *)account->usr, cs_strlen(account->usr), md5tmp), MD5_DIGEST_LENGTH)))
      |                                 ^
In file included from cscrypt/md5.h:5,
                 from module-monitor.c:5:
/opt/s3_ncam_bonecrew_test/support/toolchains/vuplus4k_armv7a/armv7a-vuplus4k-linux-gnueabihf/sysroot/usr/include/openssl/md5.h:52:38: note: declared here
   52 | OSSL_DEPRECATEDIN_3_0 unsigned char *MD5(const unsigned char *d, size_t n,
      |                                      ^~~
module-monitor.c:101:25: warning: 'MD5' is deprecated: Since OpenSSL 3.0 [-Wdeprecated-declarations]
  101 |                         aes_set_key(&module_data->aes_keys, (char *)MD5((uint8_t *)ESTR(account->pwd), cs_strlen(ESTR(account->pwd)), md5tmp));
      |                         ^~~~~~~~~~~
/opt/s3_ncam_bonecrew_test/support/toolchains/vuplus4k_armv7a/armv7a-vuplus4k-linux-gnueabihf/sysroot/usr/include/openssl/md5.h:52:38: note: declared here
   52 | OSSL_DEPRECATEDIN_3_0 unsigned char *MD5(const unsigned char *d, size_t n,
      |                                      ^~~
CC	module-ghttp.c
module-pandora.c: In function 'pandora_process_request':
module-pandora.c:57:25: warning: 'MD5' is deprecated: Since OpenSSL 3.0 [-Wdeprecated-declarations]
   57 |                         if(!memcmp(buf + 10, MD5(buf + 14 + CS_ECMSTORESIZE, ecmlen, md5tmp), CS_ECMSTORESIZE))
      |                         ^~
In file included from cscrypt/md5.h:5,
                 from module-pandora.c:7:
/opt/s3_ncam_bonecrew_test/support/toolchains/vuplus4k_armv7a/armv7a-vuplus4k-linux-gnueabihf/sysroot/usr/include/openssl/md5.h:52:38: note: declared here
   52 | OSSL_DEPRECATEDIN_3_0 unsigned char *MD5(const unsigned char *d, size_t n,
      |                                      ^~~
module-pandora.c: In function 'pandora_server':
module-pandora.c:164:25: warning: 'MD5' is deprecated: Since OpenSSL 3.0 [-Wdeprecated-declarations]
  164 |                         memcpy(cl->pand_md5_key, MD5((uint8_t *)cfg.pand_pass, cs_strlen(cfg.pand_pass), md5tmp), 16);
      |                         ^~~~~~
/opt/s3_ncam_bonecrew_test/support/toolchains/vuplus4k_armv7a/armv7a-vuplus4k-linux-gnueabihf/sysroot/usr/include/openssl/md5.h:52:38: note: declared here
   52 | OSSL_DEPRECATEDIN_3_0 unsigned char *MD5(const unsigned char *d, size_t n,
      |                                      ^~~
module-pandora.c: In function 'pandora_client_init':
module-pandora.c:233:9: warning: 'MD5' is deprecated: Since OpenSSL 3.0 [-Wdeprecated-declarations]
  233 |         memcpy(cl->pand_md5_key, MD5((uint8_t *)rdr->r_pwd, cs_strlen(rdr->r_pwd), md5tmp), 16);
      |         ^~~~~~
/opt/s3_ncam_bonecrew_test/support/toolchains/vuplus4k_armv7a/armv7a-vuplus4k-linux-gnueabihf/sysroot/usr/include/openssl/md5.h:52:38: note: declared here
   52 | OSSL_DEPRECATEDIN_3_0 unsigned char *MD5(const unsigned char *d, size_t n,
      |                                      ^~~
module-pandora.c: In function 'pandora_send_ecm':
module-pandora.c:274:9: warning: 'MD5' is deprecated: Since OpenSSL 3.0 [-Wdeprecated-declarations]
  274 |         memcpy(&msgbuf[10], MD5(er->ecm, er->ecmlen, md5tmp), CS_ECMSTORESIZE);
      |         ^~~~~~
/opt/s3_ncam_bonecrew_test/support/toolchains/vuplus4k_armv7a/armv7a-vuplus4k-linux-gnueabihf/sysroot/usr/include/openssl/md5.h:52:38: note: declared here
   52 | OSSL_DEPRECATEDIN_3_0 unsigned char *MD5(const unsigned char *d, size_t n,
      |                                      ^~~
CC	module-scam.c
CC	module-radegast.c
CC	module-streamrelay.c
CC	module-stat.c
CC	module-serial.c
module-streamrelay.c: In function 'radegast_client_ecm':
module-streamrelay.c:127:9: warning: 'MD5' is deprecated: Since OpenSSL 3.0 [-Wdeprecated-declarations]
  127 |         MD5(cdata->ecm_data, section_length, md5tmp);
      |         ^~~
In file included from cscrypt/md5.h:5,
                 from module-streamrelay.h:30,
                 from module-streamrelay.c:7:
/opt/s3_ncam_bonecrew_test/support/toolchains/vuplus4k_armv7a/armv7a-vuplus4k-linux-gnueabihf/sysroot/usr/include/openssl/md5.h:52:38: note: declared here
   52 | OSSL_DEPRECATEDIN_3_0 unsigned char *MD5(const unsigned char *d, size_t n,
      |                                      ^~~
CC	module-webif-tpl.c
CC	module-webif-lib.c
module-stat.c: In function 'convert_to_beta_int':
module-stat.c:800:9: warning: 'MD5' is deprecated: Since OpenSSL 3.0 [-Wdeprecated-declarations]
  800 |         memcpy(er->ecmd5, MD5(er->ecm + 13, er->ecmlen - 13, md5tmp), CS_ECMSTORESIZE);
      |         ^~~~~~
In file included from cscrypt/md5.h:5,
                 from module-stat.c:6:
/opt/s3_ncam_bonecrew_test/support/toolchains/vuplus4k_armv7a/armv7a-vuplus4k-linux-gnueabihf/sysroot/usr/include/openssl/md5.h:52:38: note: declared here
   52 | OSSL_DEPRECATEDIN_3_0 unsigned char *MD5(const unsigned char *d, size_t n,
      |                                      ^~~
module-stat.c: In function 'convert_to_nagra_int':
module-stat.c:810:9: warning: 'MD5' is deprecated: Since OpenSSL 3.0 [-Wdeprecated-declarations]
  810 |         memcpy(er->ecmd5, MD5(er->ecm + 3, er->ecmlen - 3, md5tmp), CS_ECMSTORESIZE);
      |         ^~~~~~
/opt/s3_ncam_bonecrew_test/support/toolchains/vuplus4k_armv7a/armv7a-vuplus4k-linux-gnueabihf/sysroot/usr/include/openssl/md5.h:52:38: note: declared here
   52 | OSSL_DEPRECATEDIN_3_0 unsigned char *MD5(const unsigned char *d, size_t n,
      |                                      ^~~
CC	module-webif.c
CC	webif/pages.c
CC	reader-common.c
CC	reader-bulcrypt.c
module-webif-lib.c: In function 'calculate_opaque':
module-webif-lib.c:123:9: warning: 'MD5' is deprecated: Since OpenSSL 3.0 [-Wdeprecated-declarations]
  123 |         char_to_hex(MD5((uint8_t *)noncetmp, cs_strlen(noncetmp), md5tmp), MD5_DIGEST_LENGTH, (uint8_t *)opaque);
      |         ^~~~~~~~~~~
In file included from cscrypt/md5.h:5,
                 from module-webif-lib.c:6:
/opt/s3_ncam_bonecrew_test/support/toolchains/vuplus4k_armv7a/armv7a-vuplus4k-linux-gnueabihf/sysroot/usr/include/openssl/md5.h:52:38: note: declared here
   52 | OSSL_DEPRECATEDIN_3_0 unsigned char *MD5(const unsigned char *d, size_t n,
      |                                      ^~~
module-webif-lib.c: In function 'calculate_nonce':
module-webif-lib.c:189:17: warning: 'MD5' is deprecated: Since OpenSSL 3.0 [-Wdeprecated-declarations]
  189 |                 char_to_hex(MD5((uint8_t *)noncetmp, cs_strlen(noncetmp), md5tmp), MD5_DIGEST_LENGTH, (uint8_t *)result);
      |                 ^~~~~~~~~~~
/opt/s3_ncam_bonecrew_test/support/toolchains/vuplus4k_armv7a/armv7a-vuplus4k-linux-gnueabihf/sysroot/usr/include/openssl/md5.h:52:38: note: declared here
   52 | OSSL_DEPRECATEDIN_3_0 unsigned char *MD5(const unsigned char *d, size_t n,
      |                                      ^~~
module-webif-lib.c: In function 'check_auth':
module-webif-lib.c:277:17: warning: 'MD5' is deprecated: Since OpenSSL 3.0 [-Wdeprecated-declarations]
  277 |                 char_to_hex(MD5((uint8_t *)A1tmp, cs_strlen(A1tmp), md5tmp), MD5_DIGEST_LENGTH, (uint8_t *)A1);
      |                 ^~~~~~~~~~~
/opt/s3_ncam_bonecrew_test/support/toolchains/vuplus4k_armv7a/armv7a-vuplus4k-linux-gnueabihf/sysroot/usr/include/openssl/md5.h:52:38: note: declared here
   52 | OSSL_DEPRECATEDIN_3_0 unsigned char *MD5(const unsigned char *d, size_t n,
      |                                      ^~~
module-webif-lib.c:281:17: warning: 'MD5' is deprecated: Since OpenSSL 3.0 [-Wdeprecated-declarations]
  281 |                 char_to_hex(MD5((uint8_t *)A2tmp, cs_strlen(A2tmp), md5tmp), MD5_DIGEST_LENGTH, (uint8_t *)A2);
      |                 ^~~~~~~~~~~
/opt/s3_ncam_bonecrew_test/support/toolchains/vuplus4k_armv7a/armv7a-vuplus4k-linux-gnueabihf/sysroot/usr/include/openssl/md5.h:52:38: note: declared here
   52 | OSSL_DEPRECATEDIN_3_0 unsigned char *MD5(const unsigned char *d, size_t n,
      |                                      ^~~
module-webif-lib.c:285:17: warning: 'MD5' is deprecated: Since OpenSSL 3.0 [-Wdeprecated-declarations]
  285 |                 char_to_hex(MD5((uint8_t *)A3tmp, cs_strlen(A3tmp), md5tmp), MD5_DIGEST_LENGTH, (uint8_t *)A3);
      |                 ^~~~~~~~~~~
/opt/s3_ncam_bonecrew_test/support/toolchains/vuplus4k_armv7a/armv7a-vuplus4k-linux-gnueabihf/sysroot/usr/include/openssl/md5.h:52:38: note: declared here
   52 | OSSL_DEPRECATEDIN_3_0 unsigned char *MD5(const unsigned char *d, size_t n,
      |                                      ^~~
module-webif.c: In function 'send_ncam_config_streamrelay':
module-webif.c:1311:16: error: 'struct s_config' has no member named 'stream_relay_user'; did you mean 'stream_relay_port'?
 1311 |         if(cfg.stream_relay_user)
      |                ^~~~~~~~~~~~~~~~~
      |                stream_relay_port
module-webif.c:1312:75: error: 'struct s_config' has no member named 'stream_relay_user'; did you mean 'stream_relay_port'?
 1312 |                 { tpl_printf(vars, TPLADD, "STREAM_RELAY_USER", "%s", cfg.stream_relay_user); }
      |                                                                           ^~~~~~~~~~~~~~~~~
      |                                                                           stream_relay_port
module-webif.c:1328:76: error: 'struct s_config' has no member named 'stream_display_client'
 1328 |         tpl_printf(vars, TPLADD, "TMP", "STREAMCONFIGCLIENTSELECTED%d", cfg.stream_display_client);
      |                                                                            ^
module-webif.c:1330:61: error: 'struct s_config' has no member named 'stream_reuse_client'
 1330 |         tpl_addVar(vars, TPLADD, "STREAM_REUSE_CLIENT", (cfg.stream_reuse_client == 1) ? "checked" : "");
      |                                                             ^
module-webif.c:1332:60: error: 'struct s_config' has no member named 'stream_hide_client'
 1332 |         tpl_addVar(vars, TPLADD, "STREAM_HIDE_CLIENT", (cfg.stream_hide_client == 1) ? "checked" : "");
      |                                                            ^
module-webif.c: In function 'send_ncam_reader':
module-webif.c:2014:46: warning: implicit declaration of function 'cs_strncat'; did you mean 'cs_strncpy'? [-Wimplicit-function-declaration]
 2014 |                                         if (!cs_strncat(new_proto, (char *)proto, cs_strlen(proto)+cs_strlen(aio_suffix)+1)) {
      |                                              ^~~~~~~~~~
      |                                              cs_strncpy
module-webif.c:2028:25: warning: 'MD5' is deprecated: Since OpenSSL 3.0 [-Wdeprecated-declarations]
 2028 |                         MD5((uint8_t *)rdr->label, cs_strlen(rdr->label), md5tmp);
      |                         ^~~
In file included from cscrypt/md5.h:5,
                 from module-webif.c:10:
/opt/s3_ncam_bonecrew_test/support/toolchains/vuplus4k_armv7a/armv7a-vuplus4k-linux-gnueabihf/sysroot/usr/include/openssl/md5.h:52:38: note: declared here
   52 | OSSL_DEPRECATEDIN_3_0 unsigned char *MD5(const unsigned char *d, size_t n,
      |                                      ^~~
module-webif.c: In function 'send_ncam_reader_config':
module-webif.c:2740:29: error: 'struct s_reader' has no member named 'cwpk_mod_length'; did you mean 'rsa_mod_length'?
 2740 |         for(i = 0; i < rdr->cwpk_mod_length; i++)
      |                             ^~~~~~~~~~~~~~~
      |                             rsa_mod_length
module-webif.c:2741:69: error: 'struct s_reader' has no member named 'cwpk_mod'
 2741 |                 { tpl_printf(vars, TPLAPPEND, "CWPKKEY", "%02X", rdr->cwpk_mod[i]); }
      |                                                                     ^~
module-webif.c:2746:29: error: 'struct s_reader' has no member named 'cak63nuid_length'; did you mean 'nuid_length'?
 2746 |         for(i = 0; i < rdr->cak63nuid_length; i++)
      |                             ^~~~~~~~~~~~~~~~
      |                             nuid_length
module-webif.c:2747:71: error: 'struct s_reader' has no member named 'cak63nuid'
 2747 |                 { tpl_printf(vars, TPLAPPEND, "CAK63NUID", "%02X", rdr->cak63nuid[i]); }
      |                                                                       ^~
module-webif.c:2750:29: error: 'struct s_reader' has no member named 'cak63cwekey_length'; did you mean 'cwekey_length'?
 2750 |         for(i = 0; i < rdr->cak63cwekey_length; i++)
      |                             ^~~~~~~~~~~~~~~~~~
      |                             cwekey_length
CC	reader-conax.c
module-webif.c:2751:73: error: 'struct s_reader' has no member named 'cak63cwekey'
 2751 |                 { tpl_printf(vars, TPLAPPEND, "CAK63CWEKEY", "%02X", rdr->cak63cwekey[i]); }
      |                                                                         ^~
module-webif.c:2758:29: error: 'struct s_reader' has no member named 'idird_length'; did you mean 'irdid_length'?
 2758 |         for(i = 0; i < rdr->idird_length; i++)
      |                             ^~~~~~~~~~~~
      |                             irdid_length
module-webif.c:2759:67: error: 'struct s_reader' has no member named 'idird'
 2759 |                 { tpl_printf(vars, TPLAPPEND, "IDIRD", "%02X", rdr->idird[i]); }
      |                                                                   ^~
module-webif.c:2762:27: error: 'struct s_reader' has no member named 'cmd0eprov_length'
 2762 |         for(i = 0; i < rdr->cmd0eprov_length; i++)
      |                           ^~
module-webif.c:2763:71: error: 'struct s_reader' has no member named 'cmd0eprov'
 2763 |                 { tpl_printf(vars, TPLAPPEND, "CMD0EPROV", "%02X", rdr->cmd0eprov[i]); }
      |                                                                       ^~
module-webif.c:2770:29: error: 'struct s_reader' has no member named 'mod2_length'; did you mean 'mod1_length'?
 2770 |         for(i = 0; i < rdr->mod2_length ; i++)
      |                             ^~~~~~~~~~~
      |                             mod1_length
module-webif.c:2771:68: error: 'struct s_reader' has no member named 'mod2'; did you mean 'mod1'?
 2771 |                 { tpl_printf(vars, TPLAPPEND, "MOD2", "%02X", rdr->mod2[i]); }
      |                                                                    ^~~~
      |                                                                    mod1
module-webif.c:2774:29: error: 'struct s_reader' has no member named 'key3588_length'; did you mean 'key60_length'?
 2774 |         for(i = 0; i < rdr->key3588_length; i++)
      |                             ^~~~~~~~~~~~~~
      |                             key60_length
module-webif.c:2775:69: error: 'struct s_reader' has no member named 'key3588'
 2775 |                 { tpl_printf(vars, TPLAPPEND, "KEY3588", "%02X", rdr->key3588[i]); }
      |                                                                     ^~
module-webif.c:2778:29: error: 'struct s_reader' has no member named 'key3310_length'; did you mean 'key60_length'?
 2778 |         for(i = 0; i < rdr->key3310_length; i++)
      |                             ^~~~~~~~~~~~~~
      |                             key60_length
module-webif.c:2779:71: error: 'struct s_reader' has no member named 'key3310'; did you mean 'key60'?
 2779 |                 { tpl_printf(vars, TPLAPPEND, "KEY3310", "%02X", rdr->key3310[i]); }
      |                                                                       ^~~~~~~
      |                                                                       key60
module-webif.c:2782:29: error: 'struct s_reader' has no member named 'key3460_length'; did you mean 'key60_length'?
 2782 |         for(i = 0; i < rdr->key3460_length; i++)
      |                             ^~~~~~~~~~~~~~
      |                             key60_length
module-webif.c:2783:71: error: 'struct s_reader' has no member named 'key3460'; did you mean 'key60'?
 2783 |                 { tpl_printf(vars, TPLAPPEND, "KEY3460", "%02X", rdr->key3460[i]); }
      |                                                                       ^~~~~~~
      |                                                                       key60
module-webif.c:2798:27: error: 'struct s_reader' has no member named 'otpcsc_length'
 2798 |         for(i = 0; i < rdr->otpcsc_length; i++)
      |                           ^~
module-webif.c:2799:68: error: 'struct s_reader' has no member named 'otpcsc'
 2799 |                 { tpl_printf(vars, TPLAPPEND, "OTPCSC", "%02X", rdr->otpcsc[i]); }
      |                                                                    ^~
module-webif.c:2802:27: error: 'struct s_reader' has no member named 'otacsc_length'
 2802 |         for(i = 0; i < rdr->otacsc_length; i++)
      |                           ^~
module-webif.c:2803:68: error: 'struct s_reader' has no member named 'otacsc'
 2803 |                 { tpl_printf(vars, TPLAPPEND, "OTACSC", "%02X", rdr->otacsc[i]); }
      |                                                                    ^~
module-webif.c:2806:27: error: 'struct s_reader' has no member named 'forcepair_length'
 2806 |         for(i = 0; i < rdr->forcepair_length; i++)
      |                           ^~
module-webif.c:2807:71: error: 'struct s_reader' has no member named 'forcepair'
 2807 |                 { tpl_printf(vars, TPLAPPEND, "FORCEPAIR", "%02X", rdr->forcepair[i]); }
      |                                                                       ^~
module-webif.c:2822:50: error: subscripted value is neither array nor pointer nor vector
 2822 |                 for(i = 0; i < rdr->cwekey_length[j]; i++)
      |                                                  ^
module-webif.c:2823:82: error: subscripted value is neither array nor pointer nor vector
 2823 |                         { tpl_printf(vars, TPLAPPEND, key, "%02X", rdr->cwekey[j][i]); }
      |                                                                                  ^
module-webif.c:2827:15: error: 'struct s_reader' has no member named 'forcecwswap'
 2827 |         if(rdr->forcecwswap)
      |               ^~
module-webif.c:2831:15: error: 'struct s_reader' has no member named 'evensa'
 2831 |         if(rdr->evensa)
      |               ^~
module-webif.c:2835:15: error: 'struct s_reader' has no member named 'forceemmg'
 2835 |         if(rdr->forceemmg)
      |               ^~
module-webif.c:2839:15: error: 'struct s_reader' has no member named 'cwpkota'
 2839 |         if(rdr->cwpkota)
      |               ^~
module-webif.c:2842:69: error: 'struct s_reader' has no member named 'headermode'
 2842 |         tpl_printf(vars, TPLADD, "TMP", "NAGRACAK7HEADERMODE%d", rdr->headermode);
      |                                                                     ^~
module-webif.c:2847:29: error: 'struct s_reader' has no member named 'cwpkcaid_length'; did you mean 'cwekey_length'?
 2847 |         for(i = 0; i < rdr->cwpkcaid_length ; i++)
      |                             ^~~~~~~~~~~~~~~
      |                             cwekey_length
module-webif.c:2848:70: error: 'struct s_reader' has no member named 'cwpkcaid'
 2848 |                 { tpl_printf(vars, TPLAPPEND, "CWPKCAID", "%02X", rdr->cwpkcaid[i]); }
      |                                                                      ^~
module-webif.c:2851:15: error: 'struct s_reader' has no member named 'cak7_mode'
 2851 |         if(rdr->cak7_mode)
      |               ^~
CC	reader-cryptoworks.c
module-webif.c: In function 'send_ncam_user_config':
module-webif.c:4910:17: warning: 'MD5' is deprecated: Since OpenSSL 3.0 [-Wdeprecated-declarations]
 4910 |                 MD5((uint8_t *)account->usr, cs_strlen(account->usr), md5tmp);
      |                 ^~~
/opt/s3_ncam_bonecrew_test/support/toolchains/vuplus4k_armv7a/armv7a-vuplus4k-linux-gnueabihf/sysroot/usr/include/openssl/md5.h:52:38: note: declared here
   52 | OSSL_DEPRECATEDIN_3_0 unsigned char *MD5(const unsigned char *d, size_t n,
      |                                      ^~~
CC	reader-dre.c
module-webif.c: In function 'send_ncam_api':
module-webif.c:8517:33: error: unknown type name 'CMD_PACKET'; did you mean 'EMM_PACKET'?
 8517 |                                 CMD_PACKET *cmd_pack = NULL;
      |                                 ^~~~~~~~~~
      |                                 EMM_PACKET
CC	reader-dgcrypt.c
CC	reader-dre-cas.c
module-webif.c:8518:65: error: 'CMD_PACKET' undeclared (first use in this function); did you mean 'EMM_PACKET'?
 8518 |                                 if(!cs_malloc(&cmd_pack, sizeof(CMD_PACKET)))
      |                                                                 ^~~~~~~~~~
      |                                                                 EMM_PACKET
module-webif.c:8518:65: note: each undeclared identifier is reported only once for each function it appears in
module-webif.c:8527:41: error: request for member 'client' in something not a structure or union
 8527 |                                 cmd_pack->client = webif_client;
      |                                         ^~
module-webif.c:8528:41: error: request for member 'cmdlen' in something not a structure or union
 8528 |                                 cmd_pack->cmdlen = strlen(getParam(params, "cmd")) / 2;
      |                                         ^~
module-webif.c:8530:44: error: request for member 'cmdlen' in something not a structure or union
 8530 |                                 if(cmd_pack->cmdlen > 0 && (unsigned long)abs(cmd_pack->cmdlen) <= sizeof(cmd_pack->cmd))
      |                                            ^~
module-webif.c:8530:87: error: request for member 'cmdlen' in something not a structure or union
 8530 |                                 if(cmd_pack->cmdlen > 0 && (unsigned long)abs(cmd_pack->cmdlen) <= sizeof(cmd_pack->cmd))
      |                                                                                       ^~
module-webif.c:8530:115: error: request for member 'cmd' in something not a structure or union
 8530 |                                 if(cmd_pack->cmdlen > 0 && (unsigned long)abs(cmd_pack->cmdlen) <= sizeof(cmd_pack->cmd))
      |                                                                                                                   ^~
module-webif.c:8532:88: error: request for member 'cmd' in something not a structure or union
 8532 |                                         if(key_atob_l(getParam(params, "cmd"), cmd_pack->cmd, cmd_pack->cmdlen*2))
      |                                                                                        ^~
module-webif.c:8532:103: error: request for member 'cmdlen' in something not a structure or union
 8532 |                                         if(key_atob_l(getParam(params, "cmd"), cmd_pack->cmd, cmd_pack->cmdlen*2))
      |                                                                                                       ^~
module-webif.c:8540:52: error: request for member 'cmdlen' in something not a structure or union
 8540 |                                         if(cmd_pack->cmdlen)
      |                                                    ^~
module-webif.c:8542:153: error: request for member 'cmd' in something not a structure or union
 8542 |                                                 snprintf(api_msg, sizeof(api_msg), "Command would exceed %lu bytes!", (long unsigned int)sizeof(cmd_pack->cmd));
      |                                                                                                                                                         ^~
CC	reader-dre-common.c
CC	reader-dre-st20.c
module-webif.c:8555:53: error: 'ACTION_READER_SENDCMD' undeclared (first use in this function); did you mean 'ACTION_READER_EMM'?
 8555 |                                         add_job(cl, ACTION_READER_SENDCMD, cmd_pack, sizeof(CMD_PACKET));
      |                                                     ^~~~~~~~~~~~~~~~~~~~~
      |                                                     ACTION_READER_EMM
CC	reader-griffin.c
module-webif.c: In function 'process_request':
module-webif.c:9339:67: error: 'CS_GIT_COMMIT' undeclared (first use in this function)
 9339 |                         tpl_addVar(vars, TPLADD, "CS_GIT_COMMIT", CS_GIT_COMMIT);
      |                                                                   ^~~~~~~~~~~~~
CC	reader-irdeto.c
CC	reader-nagra-common.c
make[1]: *** [Makefile:601: build/armv7a-vuplus4k-linux-gnueabihf-ssl-libcurl-libusb-pcsc-libdvbcsa/module-webif.o] Fehler 1
make[1]: *** Auf noch nicht beendete Prozesse wird gewartet 
CC	reader-nagra.c
CC	reader-seca.c
CC	reader-nagracak7.c
make: *** [Makefile:548: all] Fehler 2

 |  TIME  >	[  0 min(s) 11 secs ]

ncam-git_bonecrew_r1.2.4_2025_05_11884_@f8e395ba-vuplus4k_armv7a-webif-dvbapi-ssl-libusb-pcsc-libdvbcsa-emu-icam-extra-signed.tar.gz
created

ncam-git_bonecrew_r1.2.4_2025_05_11884_@f8e395ba-vuplus4k_armv7a-webif-dvbapi-ssl-libusb-pcsc-libdvbcsa-emu-icam-extra-signed.tar.gz
nach
/opt/s3_ncam_bonecrew_test/archive
